ARM GAS  C:\Users\Mr.Zhu\AppData\Local\Temp\cc8kQneH.s 			page 1


   1              		.cpu cortex-m3
   2              		.eabi_attribute 20, 1
   3              		.eabi_attribute 21, 1
   4              		.eabi_attribute 23, 3
   5              		.eabi_attribute 24, 1
   6              		.eabi_attribute 25, 1
   7              		.eabi_attribute 26, 1
   8              		.eabi_attribute 30, 1
   9              		.eabi_attribute 34, 1
  10              		.eabi_attribute 18, 4
  11              		.file	"main.c"
  12              		.text
  13              	.Ltext0:
  14              		.cfi_sections	.debug_frame
  15              		.section	.text.SystemClock_Config,"ax",%progbits
  16              		.align	1
  17              		.global	SystemClock_Config
  18              		.arch armv7-m
  19              		.syntax unified
  20              		.thumb
  21              		.thumb_func
  22              		.fpu softvfp
  24              	SystemClock_Config:
  25              	.LFB69:
  26              		.file 1 "Core/Src/main.c"
   1:Core/Src/main.c **** /* USER CODE BEGIN Header */
   2:Core/Src/main.c **** /**
   3:Core/Src/main.c ****   ******************************************************************************
   4:Core/Src/main.c ****   * @file           : main.c
   5:Core/Src/main.c ****   * @brief          : Main program body
   6:Core/Src/main.c ****   ******************************************************************************
   7:Core/Src/main.c ****   * @attention
   8:Core/Src/main.c ****   *
   9:Core/Src/main.c ****   * <h2><center>&copy; Copyright (c) 2022 STMicroelectronics.
  10:Core/Src/main.c ****   * All rights reserved.</center></h2>
  11:Core/Src/main.c ****   *
  12:Core/Src/main.c ****   * This software component is licensed by ST under BSD 3-Clause license,
  13:Core/Src/main.c ****   * the "License"; You may not use this file except in compliance with the
  14:Core/Src/main.c ****   * License. You may obtain a copy of the License at:
  15:Core/Src/main.c ****   *                        opensource.org/licenses/BSD-3-Clause
  16:Core/Src/main.c ****   *
  17:Core/Src/main.c ****   ******************************************************************************
  18:Core/Src/main.c ****   */
  19:Core/Src/main.c **** /* USER CODE END Header */
  20:Core/Src/main.c **** 
  21:Core/Src/main.c **** /* Includes ------------------------------------------------------------------*/
  22:Core/Src/main.c **** #include "main.h"
  23:Core/Src/main.c **** #include "tim.h"
  24:Core/Src/main.c **** #include "usart.h"
  25:Core/Src/main.c **** #include "gpio.h"
  26:Core/Src/main.c **** 
  27:Core/Src/main.c **** /* Private includes ----------------------------------------------------------*/
  28:Core/Src/main.c **** /* USER CODE BEGIN Includes */
  29:Core/Src/main.c **** #include "servo.h"
  30:Core/Src/main.c **** #include "Scheduler.h"
  31:Core/Src/main.c **** #include "mpu6050.h"
  32:Core/Src/main.c **** #include "oled.h"
ARM GAS  C:\Users\Mr.Zhu\AppData\Local\Temp\cc8kQneH.s 			page 2


  33:Core/Src/main.c **** /* USER CODE END Includes */
  34:Core/Src/main.c **** 
  35:Core/Src/main.c **** /* Private typedef -----------------------------------------------------------*/
  36:Core/Src/main.c **** /* USER CODE BEGIN PTD */
  37:Core/Src/main.c **** 
  38:Core/Src/main.c **** /* USER CODE END PTD */
  39:Core/Src/main.c **** 
  40:Core/Src/main.c **** /* Private define ------------------------------------------------------------*/
  41:Core/Src/main.c **** /* USER CODE BEGIN PD */
  42:Core/Src/main.c **** /* USER CODE END PD */
  43:Core/Src/main.c **** 
  44:Core/Src/main.c **** /* Private macro -------------------------------------------------------------*/
  45:Core/Src/main.c **** /* USER CODE BEGIN PM */
  46:Core/Src/main.c **** 
  47:Core/Src/main.c **** /* USER CODE END PM */
  48:Core/Src/main.c **** 
  49:Core/Src/main.c **** /* Private variables ---------------------------------------------------------*/
  50:Core/Src/main.c **** 
  51:Core/Src/main.c **** /* USER CODE BEGIN PV */
  52:Core/Src/main.c **** 
  53:Core/Src/main.c **** /* USER CODE END PV */
  54:Core/Src/main.c **** 
  55:Core/Src/main.c **** /* Private function prototypes -----------------------------------------------*/
  56:Core/Src/main.c **** void SystemClock_Config(void);
  57:Core/Src/main.c **** /* USER CODE BEGIN PFP */
  58:Core/Src/main.c **** 
  59:Core/Src/main.c **** /* USER CODE END PFP */
  60:Core/Src/main.c **** 
  61:Core/Src/main.c **** /* Private user code ---------------------------------------------------------*/
  62:Core/Src/main.c **** /* USER CODE BEGIN 0 */
  63:Core/Src/main.c **** 
  64:Core/Src/main.c **** /* USER CODE END 0 */
  65:Core/Src/main.c **** 
  66:Core/Src/main.c **** /**
  67:Core/Src/main.c ****   * @brief  The application entry point.
  68:Core/Src/main.c ****   * @retval int
  69:Core/Src/main.c ****   */
  70:Core/Src/main.c **** int main(void)
  71:Core/Src/main.c **** {
  72:Core/Src/main.c ****   /* USER CODE BEGIN 1 */
  73:Core/Src/main.c **** 
  74:Core/Src/main.c ****   /* USER CODE END 1 */
  75:Core/Src/main.c **** 
  76:Core/Src/main.c ****   /* MCU Configuration--------------------------------------------------------*/
  77:Core/Src/main.c **** 
  78:Core/Src/main.c ****   /* Reset of all peripherals, Initializes the Flash interface and the Systick. */
  79:Core/Src/main.c ****   HAL_Init();
  80:Core/Src/main.c **** 
  81:Core/Src/main.c ****   /* USER CODE BEGIN Init */
  82:Core/Src/main.c **** 
  83:Core/Src/main.c ****   /* USER CODE END Init */
  84:Core/Src/main.c **** 
  85:Core/Src/main.c ****   /* Configure the system clock */
  86:Core/Src/main.c ****   SystemClock_Config();
  87:Core/Src/main.c **** 
  88:Core/Src/main.c ****   /* USER CODE BEGIN SysInit */
  89:Core/Src/main.c **** 
ARM GAS  C:\Users\Mr.Zhu\AppData\Local\Temp\cc8kQneH.s 			page 3


  90:Core/Src/main.c ****   /* USER CODE END SysInit */
  91:Core/Src/main.c **** 
  92:Core/Src/main.c ****   /* Initialize all configured peripherals */
  93:Core/Src/main.c ****   MX_GPIO_Init();
  94:Core/Src/main.c ****   MX_USART1_UART_Init();
  95:Core/Src/main.c ****   MX_TIM2_Init();
  96:Core/Src/main.c ****   MX_TIM3_Init();
  97:Core/Src/main.c ****   MX_TIM4_Init();
  98:Core/Src/main.c ****   MX_USART3_UART_Init();
  99:Core/Src/main.c ****   /* USER CODE BEGIN 2 */
 100:Core/Src/main.c ****   pwm_servo_init();
 101:Core/Src/main.c ****   MPU6050_initialize();
 102:Core/Src/main.c ****   Scheduler_Setup();
 103:Core/Src/main.c ****   OLED_Init();
 104:Core/Src/main.c ****   HAL_UART_Receive_IT(&huart1, RxBuffer, 1);
 105:Core/Src/main.c **** 
 106:Core/Src/main.c ****   
 107:Core/Src/main.c ****   /* USER CODE END 2 */
 108:Core/Src/main.c **** 
 109:Core/Src/main.c ****   /* Infinite loop */
 110:Core/Src/main.c ****   /* USER CODE BEGIN WHILE */
 111:Core/Src/main.c ****   while (1)
 112:Core/Src/main.c ****   {
 113:Core/Src/main.c ****     // position(1, 20);
 114:Core/Src/main.c ****     // HAL_Delay(1000);
 115:Core/Src/main.c ****     // position(1, 100);
 116:Core/Src/main.c ****     // HAL_Delay(1000);
 117:Core/Src/main.c ****     Scheduler_Run();
 118:Core/Src/main.c **** 
 119:Core/Src/main.c ****     /* USER CODE END WHILE */
 120:Core/Src/main.c **** 
 121:Core/Src/main.c ****     /* USER CODE BEGIN 3 */
 122:Core/Src/main.c **** 
 123:Core/Src/main.c ****   }
 124:Core/Src/main.c ****   /* USER CODE END 3 */
 125:Core/Src/main.c **** }
 126:Core/Src/main.c **** 
 127:Core/Src/main.c **** /**
 128:Core/Src/main.c ****   * @brief System Clock Configuration
 129:Core/Src/main.c ****   * @retval None
 130:Core/Src/main.c ****   */
 131:Core/Src/main.c **** void SystemClock_Config(void)
 132:Core/Src/main.c **** {
  27              		.loc 1 132 1 view -0
  28              		.cfi_startproc
  29              		@ args = 0, pretend = 0, frame = 64
  30              		@ frame_needed = 0, uses_anonymous_args = 0
  31 0000 30B5     		push	{r4, r5, lr}
  32              	.LCFI0:
  33              		.cfi_def_cfa_offset 12
  34              		.cfi_offset 4, -12
  35              		.cfi_offset 5, -8
  36              		.cfi_offset 14, -4
  37 0002 91B0     		sub	sp, sp, #68
  38              	.LCFI1:
  39              		.cfi_def_cfa_offset 80
 133:Core/Src/main.c ****   RCC_OscInitTypeDef RCC_OscInitStruct = {0};
ARM GAS  C:\Users\Mr.Zhu\AppData\Local\Temp\cc8kQneH.s 			page 4


  40              		.loc 1 133 3 view .LVU1
  41              		.loc 1 133 22 is_stmt 0 view .LVU2
  42 0004 2822     		movs	r2, #40
  43 0006 0021     		movs	r1, #0
  44 0008 06A8     		add	r0, sp, #24
  45 000a FFF7FEFF 		bl	memset
  46              	.LVL0:
 134:Core/Src/main.c ****   RCC_ClkInitTypeDef RCC_ClkInitStruct = {0};
  47              		.loc 1 134 3 is_stmt 1 view .LVU3
  48              		.loc 1 134 22 is_stmt 0 view .LVU4
  49 000e 0024     		movs	r4, #0
  50 0010 0194     		str	r4, [sp, #4]
  51 0012 0294     		str	r4, [sp, #8]
  52 0014 0394     		str	r4, [sp, #12]
  53 0016 0494     		str	r4, [sp, #16]
  54 0018 0594     		str	r4, [sp, #20]
 135:Core/Src/main.c **** 
 136:Core/Src/main.c ****   /** Initializes the CPU, AHB and APB busses clocks 
 137:Core/Src/main.c ****   */
 138:Core/Src/main.c ****   RCC_OscInitStruct.OscillatorType = RCC_OSCILLATORTYPE_HSE;
  55              		.loc 1 138 3 is_stmt 1 view .LVU5
  56              		.loc 1 138 36 is_stmt 0 view .LVU6
  57 001a 0122     		movs	r2, #1
  58 001c 0692     		str	r2, [sp, #24]
 139:Core/Src/main.c ****   RCC_OscInitStruct.HSEState = RCC_HSE_ON;
  59              		.loc 1 139 3 is_stmt 1 view .LVU7
  60              		.loc 1 139 30 is_stmt 0 view .LVU8
  61 001e 4FF48033 		mov	r3, #65536
  62 0022 0793     		str	r3, [sp, #28]
 140:Core/Src/main.c ****   RCC_OscInitStruct.HSEPredivValue = RCC_HSE_PREDIV_DIV1;
  63              		.loc 1 140 3 is_stmt 1 view .LVU9
 141:Core/Src/main.c ****   RCC_OscInitStruct.HSIState = RCC_HSI_ON;
  64              		.loc 1 141 3 view .LVU10
  65              		.loc 1 141 30 is_stmt 0 view .LVU11
  66 0024 0A92     		str	r2, [sp, #40]
 142:Core/Src/main.c ****   RCC_OscInitStruct.PLL.PLLState = RCC_PLL_ON;
  67              		.loc 1 142 3 is_stmt 1 view .LVU12
  68              		.loc 1 142 34 is_stmt 0 view .LVU13
  69 0026 0225     		movs	r5, #2
  70 0028 0D95     		str	r5, [sp, #52]
 143:Core/Src/main.c ****   RCC_OscInitStruct.PLL.PLLSource = RCC_PLLSOURCE_HSE;
  71              		.loc 1 143 3 is_stmt 1 view .LVU14
  72              		.loc 1 143 35 is_stmt 0 view .LVU15
  73 002a 0E93     		str	r3, [sp, #56]
 144:Core/Src/main.c ****   RCC_OscInitStruct.PLL.PLLMUL = RCC_PLL_MUL9;
  74              		.loc 1 144 3 is_stmt 1 view .LVU16
  75              		.loc 1 144 32 is_stmt 0 view .LVU17
  76 002c 4FF4E013 		mov	r3, #1835008
  77 0030 0F93     		str	r3, [sp, #60]
 145:Core/Src/main.c ****   if (HAL_RCC_OscConfig(&RCC_OscInitStruct) != HAL_OK)
  78              		.loc 1 145 3 is_stmt 1 view .LVU18
  79              		.loc 1 145 7 is_stmt 0 view .LVU19
  80 0032 06A8     		add	r0, sp, #24
  81 0034 FFF7FEFF 		bl	HAL_RCC_OscConfig
  82              	.LVL1:
 146:Core/Src/main.c ****   {
 147:Core/Src/main.c ****     Error_Handler();
ARM GAS  C:\Users\Mr.Zhu\AppData\Local\Temp\cc8kQneH.s 			page 5


 148:Core/Src/main.c ****   }
 149:Core/Src/main.c ****   /** Initializes the CPU, AHB and APB busses clocks 
 150:Core/Src/main.c ****   */
 151:Core/Src/main.c ****   RCC_ClkInitStruct.ClockType = RCC_CLOCKTYPE_HCLK|RCC_CLOCKTYPE_SYSCLK
  83              		.loc 1 151 3 is_stmt 1 view .LVU20
  84              		.loc 1 151 31 is_stmt 0 view .LVU21
  85 0038 0F23     		movs	r3, #15
  86 003a 0193     		str	r3, [sp, #4]
 152:Core/Src/main.c ****                               |RCC_CLOCKTYPE_PCLK1|RCC_CLOCKTYPE_PCLK2;
 153:Core/Src/main.c ****   RCC_ClkInitStruct.SYSCLKSource = RCC_SYSCLKSOURCE_PLLCLK;
  87              		.loc 1 153 3 is_stmt 1 view .LVU22
  88              		.loc 1 153 34 is_stmt 0 view .LVU23
  89 003c 0295     		str	r5, [sp, #8]
 154:Core/Src/main.c ****   RCC_ClkInitStruct.AHBCLKDivider = RCC_SYSCLK_DIV1;
  90              		.loc 1 154 3 is_stmt 1 view .LVU24
  91              		.loc 1 154 35 is_stmt 0 view .LVU25
  92 003e 0394     		str	r4, [sp, #12]
 155:Core/Src/main.c ****   RCC_ClkInitStruct.APB1CLKDivider = RCC_HCLK_DIV2;
  93              		.loc 1 155 3 is_stmt 1 view .LVU26
  94              		.loc 1 155 36 is_stmt 0 view .LVU27
  95 0040 4FF48063 		mov	r3, #1024
  96 0044 0493     		str	r3, [sp, #16]
 156:Core/Src/main.c ****   RCC_ClkInitStruct.APB2CLKDivider = RCC_HCLK_DIV1;
  97              		.loc 1 156 3 is_stmt 1 view .LVU28
  98              		.loc 1 156 36 is_stmt 0 view .LVU29
  99 0046 0594     		str	r4, [sp, #20]
 157:Core/Src/main.c **** 
 158:Core/Src/main.c ****   if (HAL_RCC_ClockConfig(&RCC_ClkInitStruct, FLASH_LATENCY_2) != HAL_OK)
 100              		.loc 1 158 3 is_stmt 1 view .LVU30
 101              		.loc 1 158 7 is_stmt 0 view .LVU31
 102 0048 2946     		mov	r1, r5
 103 004a 01A8     		add	r0, sp, #4
 104 004c FFF7FEFF 		bl	HAL_RCC_ClockConfig
 105              	.LVL2:
 159:Core/Src/main.c ****   {
 160:Core/Src/main.c ****     Error_Handler();
 161:Core/Src/main.c ****   }
 162:Core/Src/main.c **** }
 106              		.loc 1 162 1 view .LVU32
 107 0050 11B0     		add	sp, sp, #68
 108              	.LCFI2:
 109              		.cfi_def_cfa_offset 12
 110              		@ sp needed
 111 0052 30BD     		pop	{r4, r5, pc}
 112              		.cfi_endproc
 113              	.LFE69:
 115              		.section	.text.main,"ax",%progbits
 116              		.align	1
 117              		.global	main
 118              		.syntax unified
 119              		.thumb
 120              		.thumb_func
 121              		.fpu softvfp
 123              	main:
 124              	.LFB68:
  71:Core/Src/main.c ****   /* USER CODE BEGIN 1 */
 125              		.loc 1 71 1 is_stmt 1 view -0
ARM GAS  C:\Users\Mr.Zhu\AppData\Local\Temp\cc8kQneH.s 			page 6


 126              		.cfi_startproc
 127              		@ Volatile: function does not return.
 128              		@ args = 0, pretend = 0, frame = 0
 129              		@ frame_needed = 0, uses_anonymous_args = 0
 130 0000 08B5     		push	{r3, lr}
 131              	.LCFI3:
 132              		.cfi_def_cfa_offset 8
 133              		.cfi_offset 3, -8
 134              		.cfi_offset 14, -4
  79:Core/Src/main.c **** 
 135              		.loc 1 79 3 view .LVU34
 136 0002 FFF7FEFF 		bl	HAL_Init
 137              	.LVL3:
  86:Core/Src/main.c **** 
 138              		.loc 1 86 3 view .LVU35
 139 0006 FFF7FEFF 		bl	SystemClock_Config
 140              	.LVL4:
  93:Core/Src/main.c ****   MX_USART1_UART_Init();
 141              		.loc 1 93 3 view .LVU36
 142 000a FFF7FEFF 		bl	MX_GPIO_Init
 143              	.LVL5:
  94:Core/Src/main.c ****   MX_TIM2_Init();
 144              		.loc 1 94 3 view .LVU37
 145 000e FFF7FEFF 		bl	MX_USART1_UART_Init
 146              	.LVL6:
  95:Core/Src/main.c ****   MX_TIM3_Init();
 147              		.loc 1 95 3 view .LVU38
 148 0012 FFF7FEFF 		bl	MX_TIM2_Init
 149              	.LVL7:
  96:Core/Src/main.c ****   MX_TIM4_Init();
 150              		.loc 1 96 3 view .LVU39
 151 0016 FFF7FEFF 		bl	MX_TIM3_Init
 152              	.LVL8:
  97:Core/Src/main.c ****   MX_USART3_UART_Init();
 153              		.loc 1 97 3 view .LVU40
 154 001a FFF7FEFF 		bl	MX_TIM4_Init
 155              	.LVL9:
  98:Core/Src/main.c ****   /* USER CODE BEGIN 2 */
 156              		.loc 1 98 3 view .LVU41
 157 001e FFF7FEFF 		bl	MX_USART3_UART_Init
 158              	.LVL10:
 100:Core/Src/main.c ****   MPU6050_initialize();
 159              		.loc 1 100 3 view .LVU42
 160 0022 FFF7FEFF 		bl	pwm_servo_init
 161              	.LVL11:
 101:Core/Src/main.c ****   Scheduler_Setup();
 162              		.loc 1 101 3 view .LVU43
 163 0026 FFF7FEFF 		bl	MPU6050_initialize
 164              	.LVL12:
 102:Core/Src/main.c ****   OLED_Init();
 165              		.loc 1 102 3 view .LVU44
 166 002a FFF7FEFF 		bl	Scheduler_Setup
 167              	.LVL13:
 103:Core/Src/main.c ****   HAL_UART_Receive_IT(&huart1, RxBuffer, 1);
 168              		.loc 1 103 3 view .LVU45
 169 002e FFF7FEFF 		bl	OLED_Init
 170              	.LVL14:
ARM GAS  C:\Users\Mr.Zhu\AppData\Local\Temp\cc8kQneH.s 			page 7


 104:Core/Src/main.c **** 
 171              		.loc 1 104 3 view .LVU46
 172 0032 0122     		movs	r2, #1
 173 0034 034B     		ldr	r3, .L6
 174 0036 1968     		ldr	r1, [r3]
 175 0038 0348     		ldr	r0, .L6+4
 176 003a FFF7FEFF 		bl	HAL_UART_Receive_IT
 177              	.LVL15:
 178              	.L4:
 111:Core/Src/main.c ****   {
 179              		.loc 1 111 3 discriminator 1 view .LVU47
 117:Core/Src/main.c **** 
 180              		.loc 1 117 5 discriminator 1 view .LVU48
 181 003e FFF7FEFF 		bl	Scheduler_Run
 182              	.LVL16:
 111:Core/Src/main.c ****   {
 183              		.loc 1 111 9 discriminator 1 view .LVU49
 184 0042 FCE7     		b	.L4
 185              	.L7:
 186              		.align	2
 187              	.L6:
 188 0044 00000000 		.word	RxBuffer
 189 0048 00000000 		.word	huart1
 190              		.cfi_endproc
 191              	.LFE68:
 193              		.section	.text.Error_Handler,"ax",%progbits
 194              		.align	1
 195              		.global	Error_Handler
 196              		.syntax unified
 197              		.thumb
 198              		.thumb_func
 199              		.fpu softvfp
 201              	Error_Handler:
 202              	.LFB70:
 163:Core/Src/main.c **** 
 164:Core/Src/main.c **** /* USER CODE BEGIN 4 */
 165:Core/Src/main.c **** 
 166:Core/Src/main.c **** 
 167:Core/Src/main.c **** /* USER CODE END 4 */
 168:Core/Src/main.c **** 
 169:Core/Src/main.c **** /**
 170:Core/Src/main.c ****   * @brief  This function is executed in case of error occurrence.
 171:Core/Src/main.c ****   * @retval None
 172:Core/Src/main.c ****   */
 173:Core/Src/main.c **** void Error_Handler(void)
 174:Core/Src/main.c **** {
 203              		.loc 1 174 1 view -0
 204              		.cfi_startproc
 205              		@ args = 0, pretend = 0, frame = 0
 206              		@ frame_needed = 0, uses_anonymous_args = 0
 207              		@ link register save eliminated.
 175:Core/Src/main.c ****   /* USER CODE BEGIN Error_Handler_Debug */
 176:Core/Src/main.c ****   /* User can add his own implementation to report the HAL error return state */
 177:Core/Src/main.c **** 
 178:Core/Src/main.c ****   /* USER CODE END Error_Handler_Debug */
 179:Core/Src/main.c **** }
 208              		.loc 1 179 1 view .LVU51
ARM GAS  C:\Users\Mr.Zhu\AppData\Local\Temp\cc8kQneH.s 			page 8


 209 0000 7047     		bx	lr
 210              		.cfi_endproc
 211              	.LFE70:
 213              		.text
 214              	.Letext0:
 215              		.file 2 "e:\\clion\\gcc-arm-none-eabi\\10 2020-q4-major\\arm-none-eabi\\include\\machine\\_default
 216              		.file 3 "e:\\clion\\gcc-arm-none-eabi\\10 2020-q4-major\\arm-none-eabi\\include\\sys\\_stdint.h"
 217              		.file 4 "Drivers/CMSIS/Device/ST/STM32F1xx/Include/stm32f103xb.h"
 218              		.file 5 "Drivers/STM32F1xx_HAL_Driver/Inc/stm32f1xx_hal_def.h"
 219              		.file 6 "Drivers/STM32F1xx_HAL_Driver/Inc/stm32f1xx_hal_rcc.h"
 220              		.file 7 "Drivers/STM32F1xx_HAL_Driver/Inc/stm32f1xx_hal_rcc_ex.h"
 221              		.file 8 "Drivers/STM32F1xx_HAL_Driver/Inc/stm32f1xx_hal_dma.h"
 222              		.file 9 "Drivers/STM32F1xx_HAL_Driver/Inc/stm32f1xx_hal_uart.h"
 223              		.file 10 "Core/Inc/usart.h"
 224              		.file 11 "Drivers/STM32F1xx_HAL_Driver/Inc/stm32f1xx_hal.h"
 225              		.file 12 "Core/Inc/gpio.h"
 226              		.file 13 "Core/Inc/tim.h"
 227              		.file 14 "Core/Inc/servo.h"
 228              		.file 15 "Core/Inc/mpu6050.h"
 229              		.file 16 "Core/Inc/Scheduler.h"
 230              		.file 17 "Core/Inc/oled.h"
 231              		.file 18 "<built-in>"
ARM GAS  C:\Users\Mr.Zhu\AppData\Local\Temp\cc8kQneH.s 			page 9


DEFINED SYMBOLS
                            *ABS*:00000000 main.c
C:\Users\Mr.Zhu\AppData\Local\Temp\cc8kQneH.s:16     .text.SystemClock_Config:00000000 $t
C:\Users\Mr.Zhu\AppData\Local\Temp\cc8kQneH.s:24     .text.SystemClock_Config:00000000 SystemClock_Config
C:\Users\Mr.Zhu\AppData\Local\Temp\cc8kQneH.s:116    .text.main:00000000 $t
C:\Users\Mr.Zhu\AppData\Local\Temp\cc8kQneH.s:123    .text.main:00000000 main
C:\Users\Mr.Zhu\AppData\Local\Temp\cc8kQneH.s:188    .text.main:00000044 $d
C:\Users\Mr.Zhu\AppData\Local\Temp\cc8kQneH.s:194    .text.Error_Handler:00000000 $t
C:\Users\Mr.Zhu\AppData\Local\Temp\cc8kQneH.s:201    .text.Error_Handler:00000000 Error_Handler

UNDEFINED SYMBOLS
memset
HAL_RCC_OscConfig
HAL_RCC_ClockConfig
HAL_Init
MX_GPIO_Init
MX_USART1_UART_Init
MX_TIM2_Init
MX_TIM3_Init
MX_TIM4_Init
MX_USART3_UART_Init
pwm_servo_init
MPU6050_initialize
Scheduler_Setup
OLED_Init
HAL_UART_Receive_IT
Scheduler_Run
RxBuffer
huart1
