ARM GAS  C:\Users\Mr.Zhu\AppData\Local\Temp\cc8IGrpP.s 			page 1


   1              		.cpu cortex-m3
   2              		.eabi_attribute 20, 1
   3              		.eabi_attribute 21, 1
   4              		.eabi_attribute 23, 3
   5              		.eabi_attribute 24, 1
   6              		.eabi_attribute 25, 1
   7              		.eabi_attribute 26, 1
   8              		.eabi_attribute 30, 1
   9              		.eabi_attribute 34, 1
  10              		.eabi_attribute 18, 4
  11              		.file	"show.c"
  12              		.text
  13              	.Ltext0:
  14              		.cfi_sections	.debug_frame
  15              		.section	.rodata.oled_show.str1.4,"aMS",%progbits,1
  16              		.align	2
  17              	.LC0:
  18 0000 494D555F 		.ascii	"IMU_ROL:\000"
  18      524F4C3A 
  18      00
  19              		.section	.text.oled_show,"ax",%progbits
  20              		.align	1
  21              		.global	oled_show
  22              		.arch armv7-m
  23              		.syntax unified
  24              		.thumb
  25              		.thumb_func
  26              		.fpu softvfp
  28              	oled_show:
  29              	.LFB68:
  30              		.file 1 "Core/Src/show.c"
   1:Core/Src/show.c **** #include "show.h"
   2:Core/Src/show.c **** #include "oled.h"
   3:Core/Src/show.c **** 
   4:Core/Src/show.c **** extern void oled_show(void)
   5:Core/Src/show.c **** {
  31              		.loc 1 5 1 view -0
  32              		.cfi_startproc
  33              		@ args = 0, pretend = 0, frame = 0
  34              		@ frame_needed = 0, uses_anonymous_args = 0
  35 0000 08B5     		push	{r3, lr}
  36              	.LCFI0:
  37              		.cfi_def_cfa_offset 8
  38              		.cfi_offset 3, -8
  39              		.cfi_offset 14, -4
   6:Core/Src/show.c **** 
   7:Core/Src/show.c **** 	OLED_ShowString(8,0,"IMU_ROL:");
  40              		.loc 1 7 2 view .LVU1
  41 0002 044A     		ldr	r2, .L3
  42 0004 0021     		movs	r1, #0
  43 0006 0820     		movs	r0, #8
  44 0008 FFF7FEFF 		bl	OLED_ShowString
  45              	.LVL0:
   8:Core/Src/show.c **** 	// if(Dog_ROL>=0)
   9:Core/Src/show.c **** 	// {
  10:Core/Src/show.c **** 	// 	OLED_ShowChar(80,0,'+',16,1);
  11:Core/Src/show.c **** 	// 	OLED_ShowNumber(88,0,Dog_ROL,3,16);
ARM GAS  C:\Users\Mr.Zhu\AppData\Local\Temp\cc8IGrpP.s 			page 2


  12:Core/Src/show.c **** 	// }
  13:Core/Src/show.c **** 	// else
  14:Core/Src/show.c **** 	// {
  15:Core/Src/show.c **** 	// 	OLED_ShowChar(80,0,'-',16,1);
  16:Core/Src/show.c **** 	// 	OLED_ShowNumber(88,0,-Dog_ROL,3,16);
  17:Core/Src/show.c **** 	// }
  18:Core/Src/show.c **** 	
  19:Core/Src/show.c **** 
  20:Core/Src/show.c **** 	// OLED_ShowNumber(88,0,PA_PO_Status_TIMES,3,16);
  21:Core/Src/show.c **** 
  22:Core/Src/show.c **** 	// OLED_ShowString(8,16,"IMU_PIT:");
  23:Core/Src/show.c **** 	// if(Dog_PIT>=0)
  24:Core/Src/show.c **** 	// {
  25:Core/Src/show.c **** 	// 	OLED_ShowChar(80,16,'+',16,1);
  26:Core/Src/show.c **** 	// 	OLED_ShowNumber(88,16,Dog_PIT,3,16);
  27:Core/Src/show.c **** 	// }
  28:Core/Src/show.c **** 	// else
  29:Core/Src/show.c **** 	// {
  30:Core/Src/show.c **** 	// 	OLED_ShowChar(80,16,'-',16,1);
  31:Core/Src/show.c **** 	// 	OLED_ShowNumber(88,16,-Dog_PIT,3,16);
  32:Core/Src/show.c **** 	// }
  33:Core/Src/show.c **** 
  34:Core/Src/show.c **** 	// OLED_ShowString(8,16,"OPMV_STA:");
  35:Core/Src/show.c **** 	// OLED_ShowNumber(88,16,opmv.lt.sta,3,16);
  36:Core/Src/show.c **** 
  37:Core/Src/show.c **** 	// // OLED_ShowString(8,32,"Left_FLAG:");
  38:Core/Src/show.c **** 	// // OLED_ShowNumber(88,32,Turn_Left_FLAG,3,16);
  39:Core/Src/show.c **** 
  40:Core/Src/show.c **** 	// // OLED_ShowString(8,48,"Righ_FLAG:");
  41:Core/Src/show.c **** 	// // OLED_ShowNumber(88,48,Turn_Right_FLAG,3,16);
  42:Core/Src/show.c **** 
  43:Core/Src/show.c **** 
  44:Core/Src/show.c **** 	// OLED_ShowString(8,32,"OPMV_DEG:");
  45:Core/Src/show.c **** 	// if(opmv.lt.angle>=0)
  46:Core/Src/show.c **** 	// {
  47:Core/Src/show.c **** 	// 	OLED_ShowChar(80,32,'+',16,1);
  48:Core/Src/show.c **** 	// 	OLED_ShowNumber(88,32,opmv.lt.angle,3,16);
  49:Core/Src/show.c **** 	// }
  50:Core/Src/show.c **** 	// else
  51:Core/Src/show.c **** 	// {
  52:Core/Src/show.c **** 	// 	OLED_ShowChar(80,32,'-',16,1);
  53:Core/Src/show.c **** 	// 	OLED_ShowNumber(88,32,-opmv.lt.angle,3,16);
  54:Core/Src/show.c **** 	// }
  55:Core/Src/show.c **** 	
  56:Core/Src/show.c **** 	// OLED_ShowString(8,48,"OPMV_ADD:");
  57:Core/Src/show.c **** 	// if(opmv.lt.deviation>=0)
  58:Core/Src/show.c **** 	// {
  59:Core/Src/show.c **** 	// 	OLED_ShowChar(80,48,'+',16,1);
  60:Core/Src/show.c **** 	// 	OLED_ShowNumber(88,48,opmv.lt.deviation,3,16);
  61:Core/Src/show.c **** 	// }
  62:Core/Src/show.c **** 	// else
  63:Core/Src/show.c **** 	// {
  64:Core/Src/show.c **** 	// 	OLED_ShowChar(80,48,'-',16,1);
  65:Core/Src/show.c **** 	// 	OLED_ShowNumber(88,48,-opmv.lt.deviation,3,16);
  66:Core/Src/show.c **** 	// }
  67:Core/Src/show.c **** 	
  68:Core/Src/show.c **** 	
ARM GAS  C:\Users\Mr.Zhu\AppData\Local\Temp\cc8IGrpP.s 			page 3


  69:Core/Src/show.c **** 	OLED_Refresh_Gram();	
  46              		.loc 1 69 2 view .LVU2
  47 000c FFF7FEFF 		bl	OLED_Refresh_Gram
  48              	.LVL1:
  70:Core/Src/show.c **** }
  49              		.loc 1 70 1 is_stmt 0 view .LVU3
  50 0010 08BD     		pop	{r3, pc}
  51              	.L4:
  52 0012 00BF     		.align	2
  53              	.L3:
  54 0014 00000000 		.word	.LC0
  55              		.cfi_endproc
  56              	.LFE68:
  58              		.text
  59              	.Letext0:
  60              		.file 2 "Core/Inc/oled.h"
ARM GAS  C:\Users\Mr.Zhu\AppData\Local\Temp\cc8IGrpP.s 			page 4


DEFINED SYMBOLS
                            *ABS*:00000000 show.c
C:\Users\Mr.Zhu\AppData\Local\Temp\cc8IGrpP.s:16     .rodata.oled_show.str1.4:00000000 $d
C:\Users\Mr.Zhu\AppData\Local\Temp\cc8IGrpP.s:20     .text.oled_show:00000000 $t
C:\Users\Mr.Zhu\AppData\Local\Temp\cc8IGrpP.s:28     .text.oled_show:00000000 oled_show
C:\Users\Mr.Zhu\AppData\Local\Temp\cc8IGrpP.s:54     .text.oled_show:00000014 $d

UNDEFINED SYMBOLS
OLED_ShowString
OLED_Refresh_Gram
